build/app/intermediates/manifest_merge_blame_file/debug/manifest-merger-blame-debug-report.txt
1<?xml version="1.0" encoding="utf-8"?>
2<manifest xmlns:android="http://schemas.android.com/apk/res/android"
3    package="com.virakyuthpk.test_one_signal"
4    android:versionCode="1"
5    android:versionName="1.0.0" >
6
7    <uses-sdk
8        android:minSdkVersion="19"
9        android:targetSdkVersion="28" />
10    <!--
11         Flutter needs it to communicate with the running application
12         to allow setting breakpoints, to provide hot reload, etc.
13    -->
14    <uses-permission android:name="android.permission.INTERNET" />
14-->src\debug\AndroidManifest.xml:6:5-66
14-->src\debug\AndroidManifest.xml:6:22-64
15    <!-- Create a unique permission for your app and use it so only your app can receive your OneSignal messages. -->
16    <permission
16-->[com.onesignal:OneSignal:4.6.6] AndroidManifest.xml:7:5-9:47
17        android:name="com.virakyuthpk.test_one_signal.permission.C2D_MESSAGE"
17-->[com.onesignal:OneSignal:4.6.6] AndroidManifest.xml:8:9-63
18        android:protectionLevel="signature" />
18-->[com.onesignal:OneSignal:4.6.6] AndroidManifest.xml:9:9-44
19
20    <uses-permission android:name="com.virakyuthpk.test_one_signal.permission.C2D_MESSAGE" /> <!-- c2dm RECEIVE are basic requirements for push messages through Google's FCM -->
20-->[com.onesignal:OneSignal:4.6.6] AndroidManifest.xml:11:5-79
20-->[com.onesignal:OneSignal:4.6.6] AndroidManifest.xml:11:22-76
21    <uses-permission android:name="com.google.android.c2dm.permission.RECEIVE" /> <!-- Required, makes sure notifications are delivered on time. -->
21-->[com.onesignal:OneSignal:4.6.6] AndroidManifest.xml:17:5-82
21-->[com.onesignal:OneSignal:4.6.6] AndroidManifest.xml:17:22-79
22    <uses-permission android:name="android.permission.WAKE_LOCK" />
22-->[com.onesignal:OneSignal:4.6.6] AndroidManifest.xml:18:5-68
22-->[com.onesignal:OneSignal:4.6.6] AndroidManifest.xml:18:22-65
23    <!--
24 Required so the device vibrates on receiving a push notification.
25         Vibration settings of the device still apply.
26    -->
27    <uses-permission android:name="android.permission.VIBRATE" />
27-->[com.onesignal:OneSignal:4.6.6] AndroidManifest.xml:23:5-66
27-->[com.onesignal:OneSignal:4.6.6] AndroidManifest.xml:23:22-63
28    <uses-permission android:name="android.permission.ACCESS_NETWORK_STATE" />
28-->[com.onesignal:OneSignal:4.6.6] AndroidManifest.xml:24:5-79
28-->[com.onesignal:OneSignal:4.6.6] AndroidManifest.xml:24:22-76
29    <!--
30 Use to restore notifications the user hasn't interacted with.
31         They could be missed notifications if the user reboots their device if this isn't in place.
32    -->
33    <uses-permission android:name="android.permission.RECEIVE_BOOT_COMPLETED" /> <!-- START: ShortcutBadger -->
33-->[com.onesignal:OneSignal:4.6.6] AndroidManifest.xml:29:5-81
33-->[com.onesignal:OneSignal:4.6.6] AndroidManifest.xml:29:22-78
34    <!-- Samsung -->
35    <uses-permission android:name="com.sec.android.provider.badge.permission.READ" />
35-->[com.onesignal:OneSignal:4.6.6] AndroidManifest.xml:31:5-86
35-->[com.onesignal:OneSignal:4.6.6] AndroidManifest.xml:31:22-83
36    <uses-permission android:name="com.sec.android.provider.badge.permission.WRITE" /> <!-- HTC -->
36-->[com.onesignal:OneSignal:4.6.6] AndroidManifest.xml:32:5-87
36-->[com.onesignal:OneSignal:4.6.6] AndroidManifest.xml:32:22-84
37    <uses-permission android:name="com.htc.launcher.permission.READ_SETTINGS" />
37-->[com.onesignal:OneSignal:4.6.6] AndroidManifest.xml:33:5-81
37-->[com.onesignal:OneSignal:4.6.6] AndroidManifest.xml:33:22-78
38    <uses-permission android:name="com.htc.launcher.permission.UPDATE_SHORTCUT" /> <!-- Sony -->
38-->[com.onesignal:OneSignal:4.6.6] AndroidManifest.xml:34:5-83
38-->[com.onesignal:OneSignal:4.6.6] AndroidManifest.xml:34:22-80
39    <uses-permission android:name="com.sonyericsson.home.permission.BROADCAST_BADGE" />
39-->[com.onesignal:OneSignal:4.6.6] AndroidManifest.xml:35:5-88
39-->[com.onesignal:OneSignal:4.6.6] AndroidManifest.xml:35:22-85
40    <uses-permission android:name="com.sonymobile.home.permission.PROVIDER_INSERT_BADGE" /> <!-- Apex -->
40-->[com.onesignal:OneSignal:4.6.6] AndroidManifest.xml:36:5-92
40-->[com.onesignal:OneSignal:4.6.6] AndroidManifest.xml:36:22-89
41    <uses-permission android:name="com.anddoes.launcher.permission.UPDATE_COUNT" /> <!-- Solid -->
41-->[com.onesignal:OneSignal:4.6.6] AndroidManifest.xml:37:5-84
41-->[com.onesignal:OneSignal:4.6.6] AndroidManifest.xml:37:22-81
42    <uses-permission android:name="com.majeur.launcher.permission.UPDATE_BADGE" /> <!-- Huawei -->
42-->[com.onesignal:OneSignal:4.6.6] AndroidManifest.xml:38:5-83
42-->[com.onesignal:OneSignal:4.6.6] AndroidManifest.xml:38:22-80
43    <uses-permission android:name="com.huawei.android.launcher.permission.CHANGE_BADGE" />
43-->[com.onesignal:OneSignal:4.6.6] AndroidManifest.xml:39:5-91
43-->[com.onesignal:OneSignal:4.6.6] AndroidManifest.xml:39:22-88
44    <uses-permission android:name="com.huawei.android.launcher.permission.READ_SETTINGS" />
44-->[com.onesignal:OneSignal:4.6.6] AndroidManifest.xml:40:5-92
44-->[com.onesignal:OneSignal:4.6.6] AndroidManifest.xml:40:22-89
45    <uses-permission android:name="com.huawei.android.launcher.permission.WRITE_SETTINGS" /> <!-- ZUK -->
45-->[com.onesignal:OneSignal:4.6.6] AndroidManifest.xml:41:5-93
45-->[com.onesignal:OneSignal:4.6.6] AndroidManifest.xml:41:22-90
46    <uses-permission android:name="android.permission.READ_APP_BADGE" /> <!-- OPPO -->
46-->[com.onesignal:OneSignal:4.6.6] AndroidManifest.xml:42:5-73
46-->[com.onesignal:OneSignal:4.6.6] AndroidManifest.xml:42:22-70
47    <uses-permission android:name="com.oppo.launcher.permission.READ_SETTINGS" />
47-->[com.onesignal:OneSignal:4.6.6] AndroidManifest.xml:43:5-82
47-->[com.onesignal:OneSignal:4.6.6] AndroidManifest.xml:43:22-79
48    <uses-permission android:name="com.oppo.launcher.permission.WRITE_SETTINGS" /> <!-- EvMe -->
48-->[com.onesignal:OneSignal:4.6.6] AndroidManifest.xml:44:5-83
48-->[com.onesignal:OneSignal:4.6.6] AndroidManifest.xml:44:22-80
49    <uses-permission android:name="me.everything.badger.permission.BADGE_COUNT_READ" />
49-->[com.onesignal:OneSignal:4.6.6] AndroidManifest.xml:45:5-88
49-->[com.onesignal:OneSignal:4.6.6] AndroidManifest.xml:45:22-85
50    <uses-permission android:name="me.everything.badger.permission.BADGE_COUNT_WRITE" />
50-->[com.onesignal:OneSignal:4.6.6] AndroidManifest.xml:46:5-89
50-->[com.onesignal:OneSignal:4.6.6] AndroidManifest.xml:46:22-86
51    <uses-permission android:name="android.permission.FOREGROUND_SERVICE" />
51-->[androidx.work:work-runtime:2.7.1] AndroidManifest.xml:28:5-77
51-->[androidx.work:work-runtime:2.7.1] AndroidManifest.xml:28:22-74
52    <uses-permission android:name="com.google.android.finsky.permission.BIND_GET_INSTALL_REFERRER_SERVICE" /> <!-- Include required permissions for Advertising Id -->
52-->[com.google.android.gms:play-services-measurement:20.0.2] AndroidManifest.xml:26:5-110
52-->[com.google.android.gms:play-services-measurement:20.0.2] AndroidManifest.xml:26:22-107
53    <uses-permission android:name="com.google.android.gms.permission.AD_ID" />
53-->[com.google.android.gms:play-services-ads-identifier:18.0.0] AndroidManifest.xml:23:5-79
53-->[com.google.android.gms:play-services-ads-identifier:18.0.0] AndroidManifest.xml:23:22-76
54
55    <application
56        android:name="android.app.Application"
57        android:appComponentFactory="androidx.core.app.CoreComponentFactory"
57-->[androidx.core:core:1.6.0] AndroidManifest.xml:24:18-86
58        android:debuggable="true"
59        android:icon="@mipmap/ic_launcher"
60        android:label="TestOneSignal" >
61        <activity
62            android:name="com.virakyuthpk.test_one_signal.MainActivity"
63            android:configChanges="orientation|keyboardHidden|keyboard|screenSize|smallestScreenSize|locale|layoutDirection|fontScale|screenLayout|density|uiMode"
64            android:exported="true"
65            android:hardwareAccelerated="true"
66            android:launchMode="singleTop"
67            android:theme="@style/LaunchTheme"
68            android:windowSoftInputMode="adjustResize" >
69
70            <!--
71                 Specifies an Android theme to apply to this Activity as soon as
72                 the Android process has started. This theme is visible to the user
73                 while the Flutter UI initializes. After that, this theme continues
74                 to determine the Window background behind the Flutter UI.
75            -->
76            <meta-data
77                android:name="io.flutter.embedding.android.NormalTheme"
78                android:resource="@style/NormalTheme" />
79
80            <intent-filter>
81                <action android:name="android.intent.action.MAIN" />
82
83                <category android:name="android.intent.category.LAUNCHER" />
84            </intent-filter>
85        </activity>
86        <!--
87             Don't delete the meta-data below.
88             This is used by the Flutter tool to generate GeneratedPluginRegistrant.java
89        -->
90        <meta-data
91            android:name="flutterEmbedding"
92            android:value="2" />
93
94        <service
94-->[com.google.firebase:firebase-analytics-ktx:20.0.2] AndroidManifest.xml:8:9-14:19
95            android:name="com.google.firebase.components.ComponentDiscoveryService"
95-->[com.google.firebase:firebase-analytics-ktx:20.0.2] AndroidManifest.xml:9:13-84
96            android:directBootAware="true"
96-->[com.google.firebase:firebase-common:20.0.0] AndroidManifest.xml:35:13-43
97            android:exported="false" >
97-->[com.google.firebase:firebase-analytics-ktx:20.0.2] AndroidManifest.xml:10:13-37
98            <meta-data
98-->[com.google.firebase:firebase-analytics-ktx:20.0.2] AndroidManifest.xml:11:13-13:85
99                android:name="com.google.firebase.components:com.google.firebase.analytics.ktx.FirebaseAnalyticsKtxRegistrar"
99-->[com.google.firebase:firebase-analytics-ktx:20.0.2] AndroidManifest.xml:12:17-126
100                android:value="com.google.firebase.components.ComponentRegistrar" />
100-->[com.google.firebase:firebase-analytics-ktx:20.0.2] AndroidManifest.xml:13:17-82
101            <meta-data
101-->[com.google.firebase:firebase-common-ktx:20.0.0] AndroidManifest.xml:15:13-17:85
102                android:name="com.google.firebase.components:com.google.firebase.ktx.FirebaseCommonKtxRegistrar"
102-->[com.google.firebase:firebase-common-ktx:20.0.0] AndroidManifest.xml:16:17-113
103                android:value="com.google.firebase.components.ComponentRegistrar" />
103-->[com.google.firebase:firebase-common-ktx:20.0.0] AndroidManifest.xml:17:17-82
104            <meta-data
104-->[com.google.firebase:firebase-messaging:23.0.0] AndroidManifest.xml:52:13-54:85
105                android:name="com.google.firebase.components:com.google.firebase.messaging.FirebaseMessagingRegistrar"
105-->[com.google.firebase:firebase-messaging:23.0.0] AndroidManifest.xml:53:17-119
106                android:value="com.google.firebase.components.ComponentRegistrar" />
106-->[com.google.firebase:firebase-messaging:23.0.0] AndroidManifest.xml:54:17-82
107            <meta-data
107-->[com.google.firebase:firebase-datatransport:18.0.0] AndroidManifest.xml:28:13-30:85
108                android:name="com.google.firebase.components:com.google.firebase.datatransport.TransportRegistrar"
108-->[com.google.firebase:firebase-datatransport:18.0.0] AndroidManifest.xml:29:17-115
109                android:value="com.google.firebase.components.ComponentRegistrar" />
109-->[com.google.firebase:firebase-datatransport:18.0.0] AndroidManifest.xml:30:17-82
110            <meta-data
110-->[com.google.android.gms:play-services-measurement-api:20.0.2] AndroidManifest.xml:30:13-32:85
111                android:name="com.google.firebase.components:com.google.firebase.analytics.connector.internal.AnalyticsConnectorRegistrar"
111-->[com.google.android.gms:play-services-measurement-api:20.0.2] AndroidManifest.xml:31:17-139
112                android:value="com.google.firebase.components.ComponentRegistrar" />
112-->[com.google.android.gms:play-services-measurement-api:20.0.2] AndroidManifest.xml:32:17-82
113            <meta-data
113-->[com.google.firebase:firebase-installations:17.0.0] AndroidManifest.xml:18:13-20:85
114                android:name="com.google.firebase.components:com.google.firebase.installations.FirebaseInstallationsRegistrar"
114-->[com.google.firebase:firebase-installations:17.0.0] AndroidManifest.xml:19:17-127
115                android:value="com.google.firebase.components.ComponentRegistrar" />
115-->[com.google.firebase:firebase-installations:17.0.0] AndroidManifest.xml:20:17-82
116        </service>
117
118        <receiver
118-->[com.onesignal:OneSignal:4.6.6] AndroidManifest.xml:49:9-60:20
119            android:name="com.onesignal.FCMBroadcastReceiver"
119-->[com.onesignal:OneSignal:4.6.6] AndroidManifest.xml:50:13-62
120            android:exported="true"
120-->[com.onesignal:OneSignal:4.6.6] AndroidManifest.xml:51:13-36
121            android:permission="com.google.android.c2dm.permission.SEND" >
121-->[com.onesignal:OneSignal:4.6.6] AndroidManifest.xml:52:13-73
122
123            <!-- High priority so OneSignal payloads can be filtered from other FCM receivers -->
124            <intent-filter android:priority="999" >
124-->[com.onesignal:OneSignal:4.6.6] AndroidManifest.xml:55:13-59:29
124-->[com.onesignal:OneSignal:4.6.6] AndroidManifest.xml:55:28-50
125                <action android:name="com.google.android.c2dm.intent.RECEIVE" />
125-->[com.onesignal:OneSignal:4.6.6] AndroidManifest.xml:56:17-81
125-->[com.onesignal:OneSignal:4.6.6] AndroidManifest.xml:56:25-78
126
127                <category android:name="com.virakyuthpk.test_one_signal" />
127-->[com.onesignal:OneSignal:4.6.6] AndroidManifest.xml:58:17-61
127-->[com.onesignal:OneSignal:4.6.6] AndroidManifest.xml:58:27-58
128            </intent-filter>
129        </receiver>
130
131        <service
131-->[com.onesignal:OneSignal:4.6.6] AndroidManifest.xml:62:9-68:19
132            android:name="com.onesignal.HmsMessageServiceOneSignal"
132-->[com.onesignal:OneSignal:4.6.6] AndroidManifest.xml:63:13-68
133            android:exported="false" >
133-->[com.onesignal:OneSignal:4.6.6] AndroidManifest.xml:64:13-37
134            <intent-filter>
134-->[com.onesignal:OneSignal:4.6.6] AndroidManifest.xml:65:13-67:29
135                <action android:name="com.huawei.push.action.MESSAGING_EVENT" />
135-->[com.onesignal:OneSignal:4.6.6] AndroidManifest.xml:66:17-81
135-->[com.onesignal:OneSignal:4.6.6] AndroidManifest.xml:66:25-78
136            </intent-filter>
137        </service>
138
139        <activity
139-->[com.onesignal:OneSignal:4.6.6] AndroidManifest.xml:70:9-78:20
140            android:name="com.onesignal.NotificationOpenedActivityHMS"
140-->[com.onesignal:OneSignal:4.6.6] AndroidManifest.xml:71:13-71
141            android:exported="true"
141-->[com.onesignal:OneSignal:4.6.6] AndroidManifest.xml:72:13-36
142            android:noHistory="true"
142-->[com.onesignal:OneSignal:4.6.6] AndroidManifest.xml:73:13-37
143            android:theme="@android:style/Theme.Translucent.NoTitleBar" >
143-->[com.onesignal:OneSignal:4.6.6] AndroidManifest.xml:74:13-72
144            <intent-filter>
144-->[com.onesignal:OneSignal:4.6.6] AndroidManifest.xml:75:13-77:29
145                <action android:name="android.intent.action.VIEW" />
145-->[com.onesignal:OneSignal:4.6.6] AndroidManifest.xml:76:17-69
145-->[com.onesignal:OneSignal:4.6.6] AndroidManifest.xml:76:25-66
146            </intent-filter>
147        </activity>
148
149        <service
149-->[com.onesignal:OneSignal:4.6.6] AndroidManifest.xml:80:9-82:40
150            android:name="com.onesignal.FCMIntentService"
150-->[com.onesignal:OneSignal:4.6.6] AndroidManifest.xml:81:13-58
151            android:exported="false" />
151-->[com.onesignal:OneSignal:4.6.6] AndroidManifest.xml:82:13-37
152        <service
152-->[com.onesignal:OneSignal:4.6.6] AndroidManifest.xml:83:9-86:72
153            android:name="com.onesignal.FCMIntentJobService"
153-->[com.onesignal:OneSignal:4.6.6] AndroidManifest.xml:84:13-61
154            android:exported="false"
154-->[com.onesignal:OneSignal:4.6.6] AndroidManifest.xml:85:13-37
155            android:permission="android.permission.BIND_JOB_SERVICE" />
155-->[com.onesignal:OneSignal:4.6.6] AndroidManifest.xml:86:13-69
156        <service
156-->[com.onesignal:OneSignal:4.6.6] AndroidManifest.xml:87:9-90:43
157            android:name="com.onesignal.SyncService"
157-->[com.onesignal:OneSignal:4.6.6] AndroidManifest.xml:88:13-53
158            android:exported="false"
158-->[com.onesignal:OneSignal:4.6.6] AndroidManifest.xml:89:13-37
159            android:stopWithTask="true" />
159-->[com.onesignal:OneSignal:4.6.6] AndroidManifest.xml:90:13-40
160        <service
160-->[com.onesignal:OneSignal:4.6.6] AndroidManifest.xml:91:9-94:72
161            android:name="com.onesignal.SyncJobService"
161-->[com.onesignal:OneSignal:4.6.6] AndroidManifest.xml:92:13-56
162            android:exported="false"
162-->[com.onesignal:OneSignal:4.6.6] AndroidManifest.xml:93:13-37
163            android:permission="android.permission.BIND_JOB_SERVICE" />
163-->[com.onesignal:OneSignal:4.6.6] AndroidManifest.xml:94:13-69
164
165        <activity
165-->[com.onesignal:OneSignal:4.6.6] AndroidManifest.xml:96:9-99:75
166            android:name="com.onesignal.PermissionsActivity"
166-->[com.onesignal:OneSignal:4.6.6] AndroidManifest.xml:97:13-61
167            android:exported="false"
167-->[com.onesignal:OneSignal:4.6.6] AndroidManifest.xml:98:13-37
168            android:theme="@android:style/Theme.Translucent.NoTitleBar" />
168-->[com.onesignal:OneSignal:4.6.6] AndroidManifest.xml:99:13-72
169
170        <receiver
170-->[com.onesignal:OneSignal:4.6.6] AndroidManifest.xml:101:9-103:39
171            android:name="com.onesignal.NotificationDismissReceiver"
171-->[com.onesignal:OneSignal:4.6.6] AndroidManifest.xml:102:13-69
172            android:exported="true" />
172-->[com.onesignal:OneSignal:4.6.6] AndroidManifest.xml:103:13-36
173        <receiver
173-->[com.onesignal:OneSignal:4.6.6] AndroidManifest.xml:104:9-111:20
174            android:name="com.onesignal.BootUpReceiver"
174-->[com.onesignal:OneSignal:4.6.6] AndroidManifest.xml:105:13-56
175            android:exported="true" >
175-->[com.onesignal:OneSignal:4.6.6] AndroidManifest.xml:106:13-36
176            <intent-filter>
176-->[com.onesignal:OneSignal:4.6.6] AndroidManifest.xml:107:13-110:29
177                <action android:name="android.intent.action.BOOT_COMPLETED" />
177-->[com.onesignal:OneSignal:4.6.6] AndroidManifest.xml:108:17-79
177-->[com.onesignal:OneSignal:4.6.6] AndroidManifest.xml:108:25-76
178                <action android:name="android.intent.action.QUICKBOOT_POWERON" />
178-->[com.onesignal:OneSignal:4.6.6] AndroidManifest.xml:109:17-82
178-->[com.onesignal:OneSignal:4.6.6] AndroidManifest.xml:109:25-79
179            </intent-filter>
180        </receiver>
181        <receiver
181-->[com.onesignal:OneSignal:4.6.6] AndroidManifest.xml:112:9-118:20
182            android:name="com.onesignal.UpgradeReceiver"
182-->[com.onesignal:OneSignal:4.6.6] AndroidManifest.xml:113:13-57
183            android:exported="true" >
183-->[com.onesignal:OneSignal:4.6.6] AndroidManifest.xml:114:13-36
184            <intent-filter>
184-->[com.onesignal:OneSignal:4.6.6] AndroidManifest.xml:115:13-117:29
185                <action android:name="android.intent.action.MY_PACKAGE_REPLACED" />
185-->[com.onesignal:OneSignal:4.6.6] AndroidManifest.xml:116:17-84
185-->[com.onesignal:OneSignal:4.6.6] AndroidManifest.xml:116:25-81
186            </intent-filter>
187        </receiver>
188
189        <activity
189-->[com.onesignal:OneSignal:4.6.6] AndroidManifest.xml:120:9-126:75
190            android:name="com.onesignal.NotificationOpenedReceiver"
190-->[com.onesignal:OneSignal:4.6.6] AndroidManifest.xml:121:13-68
191            android:excludeFromRecents="true"
191-->[com.onesignal:OneSignal:4.6.6] AndroidManifest.xml:122:13-46
192            android:exported="true"
192-->[com.onesignal:OneSignal:4.6.6] AndroidManifest.xml:123:13-36
193            android:noHistory="true"
193-->[com.onesignal:OneSignal:4.6.6] AndroidManifest.xml:124:13-37
194            android:taskAffinity=""
194-->[com.onesignal:OneSignal:4.6.6] AndroidManifest.xml:125:13-36
195            android:theme="@android:style/Theme.Translucent.NoTitleBar" />
195-->[com.onesignal:OneSignal:4.6.6] AndroidManifest.xml:126:13-72
196        <activity
196-->[com.onesignal:OneSignal:4.6.6] AndroidManifest.xml:127:9-132:75
197            android:name="com.onesignal.NotificationOpenedReceiverAndroid22AndOlder"
197-->[com.onesignal:OneSignal:4.6.6] AndroidManifest.xml:128:13-85
198            android:excludeFromRecents="true"
198-->[com.onesignal:OneSignal:4.6.6] AndroidManifest.xml:129:13-46
199            android:exported="true"
199-->[com.onesignal:OneSignal:4.6.6] AndroidManifest.xml:130:13-36
200            android:noHistory="true"
200-->[com.onesignal:OneSignal:4.6.6] AndroidManifest.xml:131:13-37
201            android:theme="@android:style/Theme.Translucent.NoTitleBar" />
201-->[com.onesignal:OneSignal:4.6.6] AndroidManifest.xml:132:13-72
202
203        <uses-library
203-->[androidx.window:window:1.0.0-beta04] AndroidManifest.xml:25:9-27:40
204            android:name="androidx.window.extensions"
204-->[androidx.window:window:1.0.0-beta04] AndroidManifest.xml:26:13-54
205            android:required="false" />
205-->[androidx.window:window:1.0.0-beta04] AndroidManifest.xml:27:13-37
206        <uses-library
206-->[androidx.window:window:1.0.0-beta04] AndroidManifest.xml:28:9-30:40
207            android:name="androidx.window.sidecar"
207-->[androidx.window:window:1.0.0-beta04] AndroidManifest.xml:29:13-51
208            android:required="false" />
208-->[androidx.window:window:1.0.0-beta04] AndroidManifest.xml:30:13-37
209
210        <receiver
210-->[com.google.firebase:firebase-messaging:23.0.0] AndroidManifest.xml:28:9-35:20
211            android:name="com.google.firebase.iid.FirebaseInstanceIdReceiver"
211-->[com.google.firebase:firebase-messaging:23.0.0] AndroidManifest.xml:29:13-78
212            android:exported="true"
212-->[com.google.firebase:firebase-messaging:23.0.0] AndroidManifest.xml:30:13-36
213            android:permission="com.google.android.c2dm.permission.SEND" >
213-->[com.google.firebase:firebase-messaging:23.0.0] AndroidManifest.xml:31:13-73
214            <intent-filter>
214-->[com.google.firebase:firebase-messaging:23.0.0] AndroidManifest.xml:32:13-34:29
215                <action android:name="com.google.android.c2dm.intent.RECEIVE" />
215-->[com.onesignal:OneSignal:4.6.6] AndroidManifest.xml:56:17-81
215-->[com.onesignal:OneSignal:4.6.6] AndroidManifest.xml:56:25-78
216            </intent-filter>
217        </receiver>
218        <!--
219             FirebaseMessagingService performs security checks at runtime,
220             but set to not exported to explicitly avoid allowing another app to call it.
221        -->
222        <service
222-->[com.google.firebase:firebase-messaging:23.0.0] AndroidManifest.xml:41:9-48:19
223            android:name="com.google.firebase.messaging.FirebaseMessagingService"
223-->[com.google.firebase:firebase-messaging:23.0.0] AndroidManifest.xml:42:13-82
224            android:directBootAware="true"
224-->[com.google.firebase:firebase-messaging:23.0.0] AndroidManifest.xml:43:13-43
225            android:exported="false" >
225-->[com.google.firebase:firebase-messaging:23.0.0] AndroidManifest.xml:44:13-37
226            <intent-filter android:priority="-500" >
226-->[com.google.firebase:firebase-messaging:23.0.0] AndroidManifest.xml:45:13-47:29
226-->[com.google.firebase:firebase-messaging:23.0.0] AndroidManifest.xml:45:28-51
227                <action android:name="com.google.firebase.MESSAGING_EVENT" />
227-->[com.google.firebase:firebase-messaging:23.0.0] AndroidManifest.xml:46:17-78
227-->[com.google.firebase:firebase-messaging:23.0.0] AndroidManifest.xml:46:25-75
228            </intent-filter>
229        </service>
230        <service
230-->[com.google.android.datatransport:transport-backend-cct:3.0.0] AndroidManifest.xml:29:9-35:19
231            android:name="com.google.android.datatransport.runtime.backends.TransportBackendDiscovery"
231-->[com.google.android.datatransport:transport-backend-cct:3.0.0] AndroidManifest.xml:30:13-103
232            android:exported="false" >
232-->[com.google.android.datatransport:transport-backend-cct:3.0.0] AndroidManifest.xml:31:13-37
233            <meta-data
233-->[com.google.android.datatransport:transport-backend-cct:3.0.0] AndroidManifest.xml:32:13-34:39
234                android:name="backend:com.google.android.datatransport.cct.CctBackendFactory"
234-->[com.google.android.datatransport:transport-backend-cct:3.0.0] AndroidManifest.xml:33:17-94
235                android:value="cct" />
235-->[com.google.android.datatransport:transport-backend-cct:3.0.0] AndroidManifest.xml:34:17-36
236        </service>
237
238        <provider
238-->[com.google.firebase:firebase-common:20.0.0] AndroidManifest.xml:26:9-31:39
239            android:name="com.google.firebase.provider.FirebaseInitProvider"
239-->[com.google.firebase:firebase-common:20.0.0] AndroidManifest.xml:27:13-77
240            android:authorities="com.virakyuthpk.test_one_signal.firebaseinitprovider"
240-->[com.google.firebase:firebase-common:20.0.0] AndroidManifest.xml:28:13-72
241            android:directBootAware="true"
241-->[com.google.firebase:firebase-common:20.0.0] AndroidManifest.xml:29:13-43
242            android:exported="false"
242-->[com.google.firebase:firebase-common:20.0.0] AndroidManifest.xml:30:13-37
243            android:initOrder="100" />
243-->[com.google.firebase:firebase-common:20.0.0] AndroidManifest.xml:31:13-36
244        <provider
244-->[androidx.work:work-runtime:2.7.1] AndroidManifest.xml:31:9-39:20
245            android:name="androidx.startup.InitializationProvider"
245-->[androidx.work:work-runtime:2.7.1] AndroidManifest.xml:32:13-67
246            android:authorities="com.virakyuthpk.test_one_signal.androidx-startup"
246-->[androidx.work:work-runtime:2.7.1] AndroidManifest.xml:33:13-68
247            android:exported="false" >
247-->[androidx.work:work-runtime:2.7.1] AndroidManifest.xml:34:13-37
248            <meta-data
248-->[androidx.work:work-runtime:2.7.1] AndroidManifest.xml:36:13-38:52
249                android:name="androidx.work.WorkManagerInitializer"
249-->[androidx.work:work-runtime:2.7.1] AndroidManifest.xml:37:17-68
250                android:value="androidx.startup" />
250-->[androidx.work:work-runtime:2.7.1] AndroidManifest.xml:38:17-49
251        </provider>
252
253        <service
253-->[androidx.work:work-runtime:2.7.1] AndroidManifest.xml:41:9-46:35
254            android:name="androidx.work.impl.background.systemalarm.SystemAlarmService"
254-->[androidx.work:work-runtime:2.7.1] AndroidManifest.xml:42:13-88
255            android:directBootAware="false"
255-->[androidx.work:work-runtime:2.7.1] AndroidManifest.xml:43:13-44
256            android:enabled="@bool/enable_system_alarm_service_default"
256-->[androidx.work:work-runtime:2.7.1] AndroidManifest.xml:44:13-72
257            android:exported="false" />
257-->[androidx.work:work-runtime:2.7.1] AndroidManifest.xml:45:13-37
258        <service
258-->[androidx.work:work-runtime:2.7.1] AndroidManifest.xml:47:9-53:35
259            android:name="androidx.work.impl.background.systemjob.SystemJobService"
259-->[androidx.work:work-runtime:2.7.1] AndroidManifest.xml:48:13-84
260            android:directBootAware="false"
260-->[androidx.work:work-runtime:2.7.1] AndroidManifest.xml:49:13-44
261            android:enabled="@bool/enable_system_job_service_default"
261-->[androidx.work:work-runtime:2.7.1] AndroidManifest.xml:50:13-70
262            android:exported="true"
262-->[androidx.work:work-runtime:2.7.1] AndroidManifest.xml:51:13-36
263            android:permission="android.permission.BIND_JOB_SERVICE" />
263-->[androidx.work:work-runtime:2.7.1] AndroidManifest.xml:52:13-69
264        <service
264-->[androidx.work:work-runtime:2.7.1] AndroidManifest.xml:54:9-59:35
265            android:name="androidx.work.impl.foreground.SystemForegroundService"
265-->[androidx.work:work-runtime:2.7.1] AndroidManifest.xml:55:13-81
266            android:directBootAware="false"
266-->[androidx.work:work-runtime:2.7.1] AndroidManifest.xml:56:13-44
267            android:enabled="@bool/enable_system_foreground_service_default"
267-->[androidx.work:work-runtime:2.7.1] AndroidManifest.xml:57:13-77
268            android:exported="false" />
268-->[androidx.work:work-runtime:2.7.1] AndroidManifest.xml:58:13-37
269
270        <receiver
270-->[androidx.work:work-runtime:2.7.1] AndroidManifest.xml:61:9-66:35
271            android:name="androidx.work.impl.utils.ForceStopRunnable$BroadcastReceiver"
271-->[androidx.work:work-runtime:2.7.1] AndroidManifest.xml:62:13-88
272            android:directBootAware="false"
272-->[androidx.work:work-runtime:2.7.1] AndroidManifest.xml:63:13-44
273            android:enabled="true"
273-->[androidx.work:work-runtime:2.7.1] AndroidManifest.xml:64:13-35
274            android:exported="false" />
274-->[androidx.work:work-runtime:2.7.1] AndroidManifest.xml:65:13-37
275        <receiver
275-->[androidx.work:work-runtime:2.7.1] AndroidManifest.xml:67:9-77:20
276            android:name="androidx.work.impl.background.systemalarm.ConstraintProxy$BatteryChargingProxy"
276-->[androidx.work:work-runtime:2.7.1] AndroidManifest.xml:68:13-106
277            android:directBootAware="false"
277-->[androidx.work:work-runtime:2.7.1] AndroidManifest.xml:69:13-44